4/18/2017 3:59:14 PM, Info: Initializing SIMPLSharp Services...
4/18/2017 3:59:15 PM, Info: ProjectInfo successfully initialized.
4/18/2017 3:59:18 PM, Info: Commiting verification transaction...
4/18/2017 3:59:18 PM, Info: Saving project information...
4/18/2017 3:59:24 PM, Info: Initializing SIMPLSharp Services...
4/18/2017 3:59:24 PM, Info: ProjectInfo successfully initialized.
4/18/2017 3:59:27 PM, Info: Commiting verification transaction...
4/18/2017 3:59:27 PM, Info: Saving project information...
4/18/2017 4:00:17 PM, Info: Initializing SIMPLSharp Services...
4/18/2017 4:00:17 PM, Info: ProjectInfo successfully initialized.
4/18/2017 4:00:20 PM, Info: Commiting verification transaction...
4/18/2017 4:00:20 PM, Info: Saving project information...
4/18/2017 4:05:49 PM, Info: Initializing SIMPLSharp Services...
4/18/2017 4:05:49 PM, Info: ProjectInfo successfully initialized.
4/18/2017 4:05:50 PM, Info: Commiting verification transaction...
4/18/2017 4:05:50 PM, Info: Saving project information...
4/18/2017 4:05:55 PM, Info: Initializing SIMPLSharp Services...
4/18/2017 4:05:55 PM, Info: ProjectInfo successfully initialized.
4/18/2017 4:05:56 PM, Info: Commiting verification transaction...
4/18/2017 4:05:56 PM, Info: Saving project information...
4/18/2017 4:09:21 PM, Info: Initializing SIMPLSharp Services...
4/18/2017 4:09:21 PM, Info: ProjectInfo successfully initialized.
4/18/2017 4:09:23 PM, Info: Commiting verification transaction...
4/18/2017 4:09:23 PM, Info: Saving project information...
4/18/2017 4:09:55 PM, Info: Initializing SIMPLSharp Services...
4/18/2017 4:09:55 PM, Info: ProjectInfo successfully initialized.
4/18/2017 4:09:57 PM, Info: Commiting verification transaction...
4/18/2017 4:09:57 PM, Info: Saving project information...
4/18/2017 4:14:39 PM, Info: Initializing SIMPLSharp Services...
4/18/2017 4:14:39 PM, Info: ProjectInfo successfully initialized.
4/18/2017 4:14:41 PM, Info: Commiting verification transaction...
4/18/2017 4:14:41 PM, Info: Saving project information...
4/18/2017 4:14:49 PM, Info: Terminating SIMPLSharp Services
4/18/2017 4:14:50 PM, Info: Saving project information...
4/18/2017 4:14:50 PM, Info: Terminating SIMPLSharp Services
4/18/2017 4:14:50 PM, Info: Saving project information...
4/18/2017 4:14:50 PM, Info: Terminating SIMPLSharp Services
4/18/2017 4:14:50 PM, Info: Saving project information...
4/18/2017 4:14:50 PM, Info: Terminating SIMPLSharp Services
4/18/2017 4:14:50 PM, Info: Saving project information...
4/18/2017 4:14:50 PM, Info: Terminating SIMPLSharp Services
4/18/2017 4:14:50 PM, Info: Saving project information...
4/18/2017 4:14:50 PM, Info: Terminating SIMPLSharp Services
4/18/2017 4:14:50 PM, Info: Saving project information...
4/18/2017 4:14:50 PM, Info: Terminating SIMPLSharp Services
4/18/2017 4:14:50 PM, Info: Saving project information...
4/18/2017 4:14:50 PM, Info: Terminating SIMPLSharp Services
