5/15/2017 12:41:39 PM, Info: Initializing SIMPLSharp Services...
5/15/2017 12:41:39 PM, Info: ProjectInfo successfully initialized.
5/15/2017 12:41:44 PM, Info: Commiting verification transaction...
5/15/2017 12:41:44 PM, Info: Saving project information...
5/15/2017 12:58:40 PM, Info: Initializing SIMPLSharp Services...
5/15/2017 12:58:40 PM, Info: ProjectInfo successfully initialized.
5/15/2017 12:58:43 PM, Info: Commiting verification transaction...
5/15/2017 12:58:43 PM, Info: Saving project information...
5/15/2017 4:16:26 PM, Info: Initializing SIMPLSharp Services...
5/15/2017 4:16:26 PM, Info: ProjectInfo successfully initialized.
5/15/2017 4:16:27 PM, Info: Commiting verification transaction...
5/15/2017 4:16:27 PM, Info: Saving project information...
5/15/2017 5:33:21 PM, Info: Initializing SIMPLSharp Services...
5/15/2017 5:33:21 PM, Info: ProjectInfo successfully initialized.
5/15/2017 5:33:23 PM, Info: Commiting verification transaction...
5/15/2017 5:33:23 PM, Info: Saving project information...
5/15/2017 5:41:10 PM, Info: Initializing SIMPLSharp Services...
5/15/2017 5:41:10 PM, Info: ProjectInfo successfully initialized.
5/15/2017 5:41:16 PM, Info: Commiting verification transaction...
5/15/2017 5:41:16 PM, Info: Saving project information...
5/15/2017 7:47:09 PM, Info: Terminating SIMPLSharp Services
5/15/2017 7:47:09 PM, Info: Saving project information...
5/15/2017 7:47:09 PM, Info: Terminating SIMPLSharp Services
5/15/2017 7:47:09 PM, Info: Saving project information...
5/15/2017 7:47:09 PM, Info: Terminating SIMPLSharp Services
5/15/2017 7:47:09 PM, Info: Saving project information...
5/15/2017 7:47:09 PM, Info: Terminating SIMPLSharp Services
5/15/2017 7:47:09 PM, Info: Saving project information...
5/15/2017 7:47:09 PM, Info: Terminating SIMPLSharp Services
