4/18/2017 4:15:39 PM, Info: Initializing SIMPLSharp Services...
4/18/2017 4:15:39 PM, Info: ProjectInfo successfully initialized.
4/18/2017 4:15:42 PM, Info: Commiting verification transaction...
4/18/2017 4:15:42 PM, Info: Saving project information...
4/18/2017 4:16:08 PM, Info: Initializing SIMPLSharp Services...
4/18/2017 4:16:08 PM, Info: ProjectInfo successfully initialized.
4/18/2017 4:16:10 PM, Info: Commiting verification transaction...
4/18/2017 4:16:10 PM, Info: Saving project information...
4/18/2017 4:16:26 PM, Info: Initializing SIMPLSharp Services...
4/18/2017 4:16:26 PM, Info: ProjectInfo successfully initialized.
4/18/2017 4:16:28 PM, Info: Commiting verification transaction...
4/18/2017 4:16:28 PM, Info: Saving project information...
4/18/2017 4:21:56 PM, Info: Initializing SIMPLSharp Services...
4/18/2017 4:21:56 PM, Info: ProjectInfo successfully initialized.
4/18/2017 4:21:58 PM, Info: Commiting verification transaction...
4/18/2017 4:21:58 PM, Info: Saving project information...
4/18/2017 4:48:25 PM, Info: Initializing SIMPLSharp Services...
4/18/2017 4:48:25 PM, Info: ProjectInfo successfully initialized.
4/18/2017 4:48:27 PM, Info: Commiting verification transaction...
4/18/2017 4:48:27 PM, Info: Saving project information...
4/18/2017 4:52:19 PM, Info: Initializing SIMPLSharp Services...
4/18/2017 4:52:19 PM, Info: ProjectInfo successfully initialized.
4/18/2017 4:52:21 PM, Info: Commiting verification transaction...
4/18/2017 4:52:21 PM, Info: Saving project information...
4/18/2017 4:57:00 PM, Info: Initializing SIMPLSharp Services...
4/18/2017 4:57:00 PM, Info: ProjectInfo successfully initialized.
4/18/2017 4:57:03 PM, Info: Commiting verification transaction...
4/18/2017 4:57:03 PM, Info: Saving project information...
4/18/2017 5:24:04 PM, Info: Initializing SIMPLSharp Services...
4/18/2017 5:24:04 PM, Info: ProjectInfo successfully initialized.
4/18/2017 5:24:07 PM, Info: Commiting verification transaction...
4/18/2017 5:24:07 PM, Info: Saving project information...
4/18/2017 5:26:44 PM, Info: Initializing SIMPLSharp Services...
4/18/2017 5:26:44 PM, Info: ProjectInfo successfully initialized.
4/18/2017 5:26:46 PM, Info: Commiting verification transaction...
4/18/2017 5:26:46 PM, Info: Saving project information...
4/18/2017 5:32:51 PM, Info: Initializing SIMPLSharp Services...
4/18/2017 5:32:51 PM, Info: ProjectInfo successfully initialized.
4/18/2017 5:32:53 PM, Info: Commiting verification transaction...
4/18/2017 5:32:53 PM, Info: Saving project information...
4/20/2017 4:19:09 PM, Info: Initializing SIMPLSharp Services...
4/20/2017 4:19:09 PM, Info: ProjectInfo successfully initialized.
4/20/2017 4:19:21 PM, Info: Commiting verification transaction...
4/20/2017 4:19:21 PM, Info: Saving project information...
4/20/2017 4:22:10 PM, Info: Initializing SIMPLSharp Services...
4/20/2017 4:22:10 PM, Info: ProjectInfo successfully initialized.
4/20/2017 4:22:21 PM, Info: Commiting verification transaction...
4/20/2017 4:22:21 PM, Info: Saving project information...
4/20/2017 4:42:36 PM, Info: Initializing SIMPLSharp Services...
4/20/2017 4:42:36 PM, Info: ProjectInfo successfully initialized.
4/20/2017 4:42:38 PM, Info: Commiting verification transaction...
4/20/2017 4:42:38 PM, Info: Saving project information...
4/20/2017 4:56:02 PM, Info: Initializing SIMPLSharp Services...
4/20/2017 4:56:02 PM, Info: ProjectInfo successfully initialized.
4/20/2017 4:56:05 PM, Info: Commiting verification transaction...
4/20/2017 4:56:05 PM, Info: Saving project information...
4/20/2017 5:29:27 PM, Info: Terminating SIMPLSharp Services
4/20/2017 5:29:27 PM, Info: Saving project information...
4/20/2017 5:29:27 PM, Info: Terminating SIMPLSharp Services
4/20/2017 5:29:27 PM, Info: Saving project information...
4/20/2017 5:29:27 PM, Info: Terminating SIMPLSharp Services
4/20/2017 5:29:27 PM, Info: Saving project information...
4/20/2017 5:29:27 PM, Info: Terminating SIMPLSharp Services
4/20/2017 5:29:27 PM, Info: Saving project information...
4/20/2017 5:29:27 PM, Info: Terminating SIMPLSharp Services
4/20/2017 5:29:27 PM, Info: Saving project information...
4/20/2017 5:29:27 PM, Info: Terminating SIMPLSharp Services
4/20/2017 5:29:28 PM, Info: Saving project information...
4/20/2017 5:29:28 PM, Info: Terminating SIMPLSharp Services
4/20/2017 5:29:28 PM, Info: Saving project information...
4/20/2017 5:29:28 PM, Info: Terminating SIMPLSharp Services
4/20/2017 5:29:28 PM, Info: Saving project information...
4/20/2017 5:29:28 PM, Info: Terminating SIMPLSharp Services
4/20/2017 5:29:28 PM, Info: Saving project information...
4/20/2017 5:29:28 PM, Info: Terminating SIMPLSharp Services
4/20/2017 5:29:28 PM, Info: Saving project information...
4/20/2017 5:29:28 PM, Info: Terminating SIMPLSharp Services
4/20/2017 5:29:28 PM, Info: Saving project information...
4/20/2017 5:29:28 PM, Info: Terminating SIMPLSharp Services
4/20/2017 5:29:28 PM, Info: Saving project information...
4/20/2017 5:29:28 PM, Info: Terminating SIMPLSharp Services
4/20/2017 5:29:28 PM, Info: Saving project information...
4/20/2017 5:29:28 PM, Info: Terminating SIMPLSharp Services
