5/15/2017 10:33:32 PM, Info: Initializing SIMPLSharp Services...
5/15/2017 10:33:33 PM, Info: ProjectInfo successfully initialized.
5/15/2017 10:33:36 PM, Info: Commiting verification transaction...
5/15/2017 10:33:36 PM, Info: Saving project information...
5/15/2017 10:35:17 PM, Info: Initializing SIMPLSharp Services...
5/15/2017 10:35:17 PM, Info: ProjectInfo successfully initialized.
5/15/2017 10:35:20 PM, Info: Commiting verification transaction...
5/15/2017 10:35:20 PM, Info: Saving project information...
5/15/2017 10:37:06 PM, Info: Initializing SIMPLSharp Services...
5/15/2017 10:37:06 PM, Info: ProjectInfo successfully initialized.
5/15/2017 10:37:09 PM, Info: Commiting verification transaction...
5/15/2017 10:37:09 PM, Info: Saving project information...
5/15/2017 10:40:16 PM, Info: Initializing SIMPLSharp Services...
5/15/2017 10:40:16 PM, Info: ProjectInfo successfully initialized.
5/15/2017 10:40:18 PM, Info: Commiting verification transaction...
5/15/2017 10:40:18 PM, Info: Saving project information...
5/15/2017 10:41:42 PM, Info: Initializing SIMPLSharp Services...
5/15/2017 10:41:42 PM, Info: ProjectInfo successfully initialized.
5/15/2017 10:41:44 PM, Info: Commiting verification transaction...
5/15/2017 10:41:44 PM, Info: Saving project information...
5/15/2017 10:43:31 PM, Info: Initializing SIMPLSharp Services...
5/15/2017 10:43:31 PM, Info: ProjectInfo successfully initialized.
5/15/2017 10:43:34 PM, Info: Commiting verification transaction...
5/15/2017 10:43:34 PM, Info: Saving project information...
5/15/2017 10:44:52 PM, Info: Initializing SIMPLSharp Services...
5/15/2017 10:44:52 PM, Info: ProjectInfo successfully initialized.
5/15/2017 10:44:55 PM, Info: Commiting verification transaction...
5/15/2017 10:44:55 PM, Info: Saving project information...
5/15/2017 10:46:07 PM, Info: Initializing SIMPLSharp Services...
5/15/2017 10:46:07 PM, Info: ProjectInfo successfully initialized.
5/15/2017 10:46:09 PM, Info: Commiting verification transaction...
5/15/2017 10:46:09 PM, Info: Saving project information...
5/15/2017 10:50:44 PM, Info: Terminating SIMPLSharp Services
5/15/2017 10:50:44 PM, Info: Saving project information...
5/15/2017 10:50:44 PM, Info: Terminating SIMPLSharp Services
5/15/2017 10:50:44 PM, Info: Saving project information...
5/15/2017 10:50:44 PM, Info: Terminating SIMPLSharp Services
5/15/2017 10:50:44 PM, Info: Saving project information...
5/15/2017 10:50:44 PM, Info: Terminating SIMPLSharp Services
5/15/2017 10:50:44 PM, Info: Saving project information...
5/15/2017 10:50:44 PM, Info: Terminating SIMPLSharp Services
5/15/2017 10:50:44 PM, Info: Saving project information...
5/15/2017 10:50:44 PM, Info: Terminating SIMPLSharp Services
5/15/2017 10:50:44 PM, Info: Saving project information...
5/15/2017 10:50:44 PM, Info: Terminating SIMPLSharp Services
5/15/2017 10:50:44 PM, Info: Saving project information...
5/15/2017 10:50:44 PM, Info: Terminating SIMPLSharp Services
