4/15/2017 4:44:58 PM, Info: Initializing SIMPLSharp Services...
4/15/2017 4:44:58 PM, Info: ProjectInfo successfully initialized.
4/15/2017 4:45:02 PM, Info: Commiting verification transaction...
4/15/2017 4:45:02 PM, Info: Saving project information...
4/15/2017 4:49:56 PM, Info: Initializing SIMPLSharp Services...
4/15/2017 4:49:56 PM, Info: ProjectInfo successfully initialized.
4/15/2017 4:49:58 PM, Info: Commiting verification transaction...
4/15/2017 4:49:58 PM, Info: Saving project information...
4/15/2017 4:51:28 PM, Info: Initializing SIMPLSharp Services...
4/15/2017 4:51:28 PM, Info: ProjectInfo successfully initialized.
4/15/2017 4:51:29 PM, Info: Commiting verification transaction...
4/15/2017 4:51:29 PM, Info: Saving project information...
4/15/2017 4:51:58 PM, Info: Initializing SIMPLSharp Services...
4/15/2017 4:51:58 PM, Info: ProjectInfo successfully initialized.
4/15/2017 4:51:59 PM, Info: Commiting verification transaction...
4/15/2017 4:51:59 PM, Info: Saving project information...
4/15/2017 4:52:50 PM, Info: Initializing SIMPLSharp Services...
4/15/2017 4:52:50 PM, Info: ProjectInfo successfully initialized.
4/15/2017 4:52:52 PM, Info: Commiting verification transaction...
4/15/2017 4:52:52 PM, Info: Saving project information...
4/15/2017 4:53:54 PM, Info: Initializing SIMPLSharp Services...
4/15/2017 4:53:54 PM, Info: ProjectInfo successfully initialized.
4/15/2017 4:53:56 PM, Info: Commiting verification transaction...
4/15/2017 4:53:56 PM, Info: Saving project information...
4/15/2017 4:57:11 PM, Info: Initializing SIMPLSharp Services...
4/15/2017 4:57:11 PM, Info: ProjectInfo successfully initialized.
4/15/2017 4:57:13 PM, Info: Commiting verification transaction...
4/15/2017 4:57:13 PM, Info: Saving project information...
4/15/2017 4:58:15 PM, Info: Initializing SIMPLSharp Services...
4/15/2017 4:58:15 PM, Info: ProjectInfo successfully initialized.
4/15/2017 4:58:17 PM, Info: Commiting verification transaction...
4/15/2017 4:58:17 PM, Info: Saving project information...
4/15/2017 5:01:45 PM, Info: Initializing SIMPLSharp Services...
4/15/2017 5:01:45 PM, Info: ProjectInfo successfully initialized.
4/15/2017 5:01:47 PM, Info: Commiting verification transaction...
4/15/2017 5:01:47 PM, Info: Saving project information...
4/15/2017 5:02:11 PM, Info: Initializing SIMPLSharp Services...
4/15/2017 5:02:11 PM, Info: ProjectInfo successfully initialized.
4/15/2017 5:02:13 PM, Info: Commiting verification transaction...
4/15/2017 5:02:13 PM, Info: Saving project information...
4/15/2017 5:04:39 PM, Info: Initializing SIMPLSharp Services...
4/15/2017 5:04:39 PM, Info: ProjectInfo successfully initialized.
4/15/2017 5:04:41 PM, Info: Commiting verification transaction...
4/15/2017 5:04:41 PM, Info: Saving project information...
4/15/2017 5:05:57 PM, Info: Initializing SIMPLSharp Services...
4/15/2017 5:05:57 PM, Info: ProjectInfo successfully initialized.
4/15/2017 5:05:59 PM, Info: Commiting verification transaction...
4/15/2017 5:05:59 PM, Info: Saving project information...
4/15/2017 6:36:44 PM, Info: Initializing SIMPLSharp Services...
4/15/2017 6:36:44 PM, Info: ProjectInfo successfully initialized.
4/15/2017 6:36:46 PM, Info: Commiting verification transaction...
4/15/2017 6:36:46 PM, Info: Saving project information...
4/17/2017 12:39:04 PM, Info: Initializing SIMPLSharp Services...
4/17/2017 12:39:04 PM, Info: ProjectInfo successfully initialized.
4/17/2017 12:39:06 PM, Info: Commiting verification transaction...
4/17/2017 12:39:06 PM, Info: Saving project information...
4/17/2017 12:41:58 PM, Info: Initializing SIMPLSharp Services...
4/17/2017 12:41:58 PM, Info: ProjectInfo successfully initialized.
4/17/2017 12:42:00 PM, Info: Commiting verification transaction...
4/17/2017 12:42:00 PM, Info: Saving project information...
4/17/2017 1:09:08 PM, Info: Initializing SIMPLSharp Services...
4/17/2017 1:09:08 PM, Info: ProjectInfo successfully initialized.
4/17/2017 1:09:10 PM, Info: Commiting verification transaction...
4/17/2017 1:09:10 PM, Info: Saving project information...
4/17/2017 2:41:44 PM, Info: Initializing SIMPLSharp Services...
4/17/2017 2:41:44 PM, Info: ProjectInfo successfully initialized.
4/17/2017 2:41:46 PM, Info: Commiting verification transaction...
4/17/2017 2:41:46 PM, Info: Saving project information...
4/17/2017 2:51:35 PM, Info: Initializing SIMPLSharp Services...
4/17/2017 2:51:35 PM, Info: ProjectInfo successfully initialized.
4/17/2017 2:51:37 PM, Info: Commiting verification transaction...
4/17/2017 2:51:37 PM, Info: Saving project information...
4/17/2017 2:54:40 PM, Info: Initializing SIMPLSharp Services...
4/17/2017 2:54:40 PM, Info: ProjectInfo successfully initialized.
4/17/2017 2:54:42 PM, Info: Commiting verification transaction...
4/17/2017 2:54:42 PM, Info: Saving project information...
4/17/2017 2:57:58 PM, Info: Initializing SIMPLSharp Services...
4/17/2017 2:57:58 PM, Info: ProjectInfo successfully initialized.
4/17/2017 2:58:00 PM, Info: Commiting verification transaction...
4/17/2017 2:58:00 PM, Info: Saving project information...
4/17/2017 3:00:19 PM, Info: Initializing SIMPLSharp Services...
4/17/2017 3:00:19 PM, Info: ProjectInfo successfully initialized.
4/17/2017 3:00:20 PM, Info: Commiting verification transaction...
4/17/2017 3:00:20 PM, Info: Saving project information...
4/17/2017 3:04:48 PM, Info: Initializing SIMPLSharp Services...
4/17/2017 3:04:48 PM, Info: ProjectInfo successfully initialized.
4/17/2017 3:04:50 PM, Info: Commiting verification transaction...
4/17/2017 3:04:50 PM, Info: Saving project information...
4/17/2017 4:06:28 PM, Info: Initializing SIMPLSharp Services...
4/17/2017 4:06:28 PM, Info: ProjectInfo successfully initialized.
4/17/2017 4:06:30 PM, Info: Commiting verification transaction...
4/17/2017 4:06:30 PM, Info: Saving project information...
4/17/2017 4:09:20 PM, Info: Initializing SIMPLSharp Services...
4/17/2017 4:09:20 PM, Info: ProjectInfo successfully initialized.
4/17/2017 4:09:21 PM, Info: Commiting verification transaction...
4/17/2017 4:09:21 PM, Info: Saving project information...
4/17/2017 4:16:55 PM, Info: Initializing SIMPLSharp Services...
4/17/2017 4:16:55 PM, Info: ProjectInfo successfully initialized.
4/17/2017 4:16:56 PM, Info: Commiting verification transaction...
4/17/2017 4:16:56 PM, Info: Saving project information...
4/17/2017 4:28:50 PM, Info: Terminating SIMPLSharp Services
4/17/2017 4:28:50 PM, Info: Saving project information...
4/17/2017 4:28:50 PM, Info: Terminating SIMPLSharp Services
4/17/2017 4:28:50 PM, Info: Saving project information...
4/17/2017 4:28:50 PM, Info: Terminating SIMPLSharp Services
4/17/2017 4:28:50 PM, Info: Saving project information...
4/17/2017 4:28:50 PM, Info: Terminating SIMPLSharp Services
4/17/2017 4:28:50 PM, Info: Saving project information...
4/17/2017 4:28:50 PM, Info: Terminating SIMPLSharp Services
4/17/2017 4:28:50 PM, Info: Saving project information...
4/17/2017 4:28:50 PM, Info: Terminating SIMPLSharp Services
4/17/2017 4:28:50 PM, Info: Saving project information...
4/17/2017 4:28:50 PM, Info: Terminating SIMPLSharp Services
4/17/2017 4:28:50 PM, Info: Saving project information...
4/17/2017 4:28:50 PM, Info: Terminating SIMPLSharp Services
4/17/2017 4:28:50 PM, Info: Saving project information...
4/17/2017 4:28:50 PM, Info: Terminating SIMPLSharp Services
4/17/2017 4:28:50 PM, Info: Saving project information...
4/17/2017 4:28:50 PM, Info: Terminating SIMPLSharp Services
4/17/2017 4:28:50 PM, Info: Saving project information...
4/17/2017 4:28:50 PM, Info: Terminating SIMPLSharp Services
4/17/2017 4:28:50 PM, Info: Saving project information...
4/17/2017 4:28:50 PM, Info: Terminating SIMPLSharp Services
4/17/2017 4:28:50 PM, Info: Saving project information...
4/17/2017 4:28:50 PM, Info: Terminating SIMPLSharp Services
4/17/2017 4:28:50 PM, Info: Saving project information...
4/17/2017 4:28:50 PM, Info: Terminating SIMPLSharp Services
4/17/2017 4:28:50 PM, Info: Saving project information...
4/17/2017 4:28:50 PM, Info: Terminating SIMPLSharp Services
4/17/2017 4:28:50 PM, Info: Saving project information...
4/17/2017 4:28:50 PM, Info: Terminating SIMPLSharp Services
4/17/2017 4:28:50 PM, Info: Saving project information...
4/17/2017 4:28:50 PM, Info: Terminating SIMPLSharp Services
4/17/2017 4:28:50 PM, Info: Saving project information...
4/17/2017 4:28:50 PM, Info: Terminating SIMPLSharp Services
4/17/2017 4:28:50 PM, Info: Saving project information...
4/17/2017 4:28:50 PM, Info: Terminating SIMPLSharp Services
4/17/2017 4:28:50 PM, Info: Saving project information...
4/17/2017 4:28:50 PM, Info: Terminating SIMPLSharp Services
4/17/2017 4:28:50 PM, Info: Saving project information...
4/17/2017 4:28:50 PM, Info: Terminating SIMPLSharp Services
4/17/2017 4:28:50 PM, Info: Saving project information...
4/17/2017 4:28:50 PM, Info: Terminating SIMPLSharp Services
4/17/2017 4:28:50 PM, Info: Saving project information...
4/17/2017 4:28:50 PM, Info: Terminating SIMPLSharp Services
4/17/2017 4:28:50 PM, Info: Saving project information...
4/17/2017 4:28:50 PM, Info: Terminating SIMPLSharp Services
4/17/2017 4:28:50 PM, Info: Saving project information...
4/17/2017 4:28:50 PM, Info: Terminating SIMPLSharp Services
