5/16/2017 3:23:11 PM, Info: Initializing SIMPLSharp Services...
5/16/2017 3:23:12 PM, Info: ProjectInfo successfully initialized.
5/16/2017 3:23:18 PM, Info: Commiting verification transaction...
5/16/2017 3:23:18 PM, Info: Saving project information...
5/16/2017 3:34:59 PM, Info: Initializing SIMPLSharp Services...
5/16/2017 3:34:59 PM, Info: ProjectInfo successfully initialized.
5/16/2017 3:35:03 PM, Info: Commiting verification transaction...
5/16/2017 3:35:03 PM, Info: Saving project information...
5/16/2017 3:42:39 PM, Info: Initializing SIMPLSharp Services...
5/16/2017 3:42:39 PM, Info: ProjectInfo successfully initialized.
5/16/2017 3:42:41 PM, Info: Commiting verification transaction...
5/16/2017 3:42:41 PM, Info: Saving project information...
5/16/2017 3:46:24 PM, Info: Initializing SIMPLSharp Services...
5/16/2017 3:46:24 PM, Info: ProjectInfo successfully initialized.
5/16/2017 3:46:26 PM, Info: Commiting verification transaction...
5/16/2017 3:46:26 PM, Info: Saving project information...
5/16/2017 3:52:06 PM, Info: Initializing SIMPLSharp Services...
5/16/2017 3:52:06 PM, Info: ProjectInfo successfully initialized.
5/16/2017 3:52:08 PM, Info: Commiting verification transaction...
5/16/2017 3:52:08 PM, Info: Saving project information...
5/16/2017 4:13:39 PM, Info: Initializing SIMPLSharp Services...
5/16/2017 4:13:39 PM, Info: ProjectInfo successfully initialized.
5/16/2017 4:13:42 PM, Info: Commiting verification transaction...
5/16/2017 4:13:42 PM, Info: Saving project information...
5/16/2017 4:18:07 PM, Info: Initializing SIMPLSharp Services...
5/16/2017 4:18:07 PM, Info: ProjectInfo successfully initialized.
5/16/2017 4:18:09 PM, Info: Commiting verification transaction...
5/16/2017 4:18:09 PM, Info: Saving project information...
5/16/2017 4:23:27 PM, Info: Initializing SIMPLSharp Services...
5/16/2017 4:23:27 PM, Info: ProjectInfo successfully initialized.
5/16/2017 4:23:29 PM, Info: Commiting verification transaction...
5/16/2017 4:23:29 PM, Info: Saving project information...
5/16/2017 4:31:28 PM, Info: Initializing SIMPLSharp Services...
5/16/2017 4:31:28 PM, Info: ProjectInfo successfully initialized.
5/16/2017 4:31:30 PM, Info: Commiting verification transaction...
5/16/2017 4:31:30 PM, Info: Saving project information...
5/16/2017 4:36:48 PM, Info: Initializing SIMPLSharp Services...
5/16/2017 4:36:48 PM, Info: ProjectInfo successfully initialized.
5/16/2017 4:36:50 PM, Info: Commiting verification transaction...
5/16/2017 4:36:50 PM, Info: Saving project information...
5/16/2017 4:44:17 PM, Info: Initializing SIMPLSharp Services...
5/16/2017 4:44:17 PM, Info: ProjectInfo successfully initialized.
5/16/2017 4:44:19 PM, Info: Commiting verification transaction...
5/16/2017 4:44:19 PM, Info: Saving project information...
5/16/2017 4:49:30 PM, Info: Initializing SIMPLSharp Services...
5/16/2017 4:49:30 PM, Info: ProjectInfo successfully initialized.
5/16/2017 4:49:32 PM, Info: Commiting verification transaction...
5/16/2017 4:49:32 PM, Info: Saving project information...
5/16/2017 4:52:03 PM, Info: Initializing SIMPLSharp Services...
5/16/2017 4:52:03 PM, Info: ProjectInfo successfully initialized.
5/16/2017 4:52:05 PM, Info: Commiting verification transaction...
5/16/2017 4:52:05 PM, Info: Saving project information...
5/16/2017 5:05:11 PM, Info: Initializing SIMPLSharp Services...
5/16/2017 5:05:11 PM, Info: ProjectInfo successfully initialized.
5/16/2017 5:05:13 PM, Info: Commiting verification transaction...
5/16/2017 5:05:13 PM, Info: Saving project information...
5/16/2017 5:22:21 PM, Info: Initializing SIMPLSharp Services...
5/16/2017 5:22:21 PM, Info: ProjectInfo successfully initialized.
5/16/2017 5:22:23 PM, Info: Commiting verification transaction...
5/16/2017 5:22:23 PM, Info: Saving project information...
5/16/2017 5:25:38 PM, Info: Initializing SIMPLSharp Services...
5/16/2017 5:25:38 PM, Info: ProjectInfo successfully initialized.
5/16/2017 5:25:40 PM, Info: Commiting verification transaction...
5/16/2017 5:25:40 PM, Info: Saving project information...
5/16/2017 5:31:29 PM, Info: Initializing SIMPLSharp Services...
5/16/2017 5:31:29 PM, Info: ProjectInfo successfully initialized.
5/16/2017 5:31:31 PM, Info: Commiting verification transaction...
5/16/2017 5:31:31 PM, Info: Saving project information...
5/16/2017 5:38:26 PM, Info: Initializing SIMPLSharp Services...
5/16/2017 5:38:26 PM, Info: ProjectInfo successfully initialized.
5/16/2017 5:38:28 PM, Info: Commiting verification transaction...
5/16/2017 5:38:28 PM, Info: Saving project information...
5/16/2017 6:50:43 PM, Info: Terminating SIMPLSharp Services
5/16/2017 6:50:43 PM, Info: Saving project information...
5/16/2017 6:50:43 PM, Info: Terminating SIMPLSharp Services
5/16/2017 6:50:43 PM, Info: Saving project information...
5/16/2017 6:50:43 PM, Info: Terminating SIMPLSharp Services
5/16/2017 6:50:43 PM, Info: Saving project information...
5/16/2017 6:50:43 PM, Info: Terminating SIMPLSharp Services
5/16/2017 6:50:43 PM, Info: Saving project information...
5/16/2017 6:50:43 PM, Info: Terminating SIMPLSharp Services
5/16/2017 6:50:43 PM, Info: Saving project information...
5/16/2017 6:50:43 PM, Info: Terminating SIMPLSharp Services
5/16/2017 6:50:43 PM, Info: Saving project information...
5/16/2017 6:50:43 PM, Info: Terminating SIMPLSharp Services
5/16/2017 6:50:43 PM, Info: Saving project information...
5/16/2017 6:50:43 PM, Info: Terminating SIMPLSharp Services
5/16/2017 6:50:43 PM, Info: Saving project information...
5/16/2017 6:50:43 PM, Info: Terminating SIMPLSharp Services
5/16/2017 6:50:43 PM, Info: Saving project information...
5/16/2017 6:50:43 PM, Info: Terminating SIMPLSharp Services
5/16/2017 6:50:43 PM, Info: Saving project information...
5/16/2017 6:50:43 PM, Info: Terminating SIMPLSharp Services
5/16/2017 6:50:43 PM, Info: Saving project information...
5/16/2017 6:50:43 PM, Info: Terminating SIMPLSharp Services
5/16/2017 6:50:43 PM, Info: Saving project information...
5/16/2017 6:50:43 PM, Info: Terminating SIMPLSharp Services
5/16/2017 6:50:43 PM, Info: Saving project information...
5/16/2017 6:50:43 PM, Info: Terminating SIMPLSharp Services
5/16/2017 6:50:43 PM, Info: Saving project information...
5/16/2017 6:50:43 PM, Info: Terminating SIMPLSharp Services
5/16/2017 6:50:43 PM, Info: Saving project information...
5/16/2017 6:50:43 PM, Info: Terminating SIMPLSharp Services
5/16/2017 6:50:43 PM, Info: Saving project information...
5/16/2017 6:50:43 PM, Info: Terminating SIMPLSharp Services
5/16/2017 6:50:43 PM, Info: Saving project information...
5/16/2017 6:50:43 PM, Info: Terminating SIMPLSharp Services
