4/26/2017 12:47:17 PM, Info: Initializing SIMPLSharp Services...
4/26/2017 12:47:19 PM, Info: ProjectInfo successfully initialized.
4/26/2017 12:47:23 PM, Info: Commiting verification transaction...
4/26/2017 12:47:23 PM, Info: Saving project information...
4/26/2017 1:02:30 PM, Info: Initializing SIMPLSharp Services...
4/26/2017 1:02:30 PM, Info: ProjectInfo successfully initialized.
4/26/2017 1:02:32 PM, Info: Commiting verification transaction...
4/26/2017 1:02:32 PM, Info: Saving project information...
4/26/2017 1:26:26 PM, Info: Initializing SIMPLSharp Services...
4/26/2017 1:26:26 PM, Info: ProjectInfo successfully initialized.
4/26/2017 1:26:29 PM, Info: Commiting verification transaction...
4/26/2017 1:26:29 PM, Info: Saving project information...
4/26/2017 1:31:25 PM, Info: Initializing SIMPLSharp Services...
4/26/2017 1:31:25 PM, Info: ProjectInfo successfully initialized.
4/26/2017 1:31:28 PM, Info: Commiting verification transaction...
4/26/2017 1:31:28 PM, Info: Saving project information...
4/26/2017 2:30:47 PM, Info: Terminating SIMPLSharp Services
4/26/2017 2:30:47 PM, Info: Saving project information...
4/26/2017 2:30:47 PM, Info: Terminating SIMPLSharp Services
4/26/2017 2:30:47 PM, Info: Saving project information...
4/26/2017 2:30:47 PM, Info: Terminating SIMPLSharp Services
4/26/2017 2:30:47 PM, Info: Saving project information...
4/26/2017 2:30:47 PM, Info: Terminating SIMPLSharp Services
